Traceback (most recent call last):
  File "c:\users\user\appdata\local\programs\python\python39\lib\site-packages\jupyter_cache\executors\utils.py", line 51, in single_nb_execution
    executenb(
  File "c:\users\user\appdata\local\programs\python\python39\lib\site-packages\nbclient\client.py", line 1093, in execute
    return NotebookClient(nb=nb, resources=resources, km=km, **kwargs).execute()
  File "c:\users\user\appdata\local\programs\python\python39\lib\site-packages\nbclient\util.py", line 84, in wrapped
    return just_run(coro(*args, **kwargs))
  File "c:\users\user\appdata\local\programs\python\python39\lib\site-packages\nbclient\util.py", line 62, in just_run
    return loop.run_until_complete(coro)
  File "c:\users\user\appdata\local\programs\python\python39\lib\asyncio\base_events.py", line 642, in run_until_complete
    return future.result()
  File "c:\users\user\appdata\local\programs\python\python39\lib\site-packages\nbclient\client.py", line 559, in async_execute
    await self.async_execute_cell(
  File "c:\users\user\appdata\local\programs\python\python39\lib\site-packages\nbclient\client.py", line 854, in async_execute_cell
    self._check_raise_for_error(cell, exec_reply)
  File "c:\users\user\appdata\local\programs\python\python39\lib\site-packages\nbclient\client.py", line 756, in _check_raise_for_error
    raise CellExecutionError.from_cell_and_msg(cell, exec_reply_content)
nbclient.exceptions.CellExecutionError: An error occurred while executing the following cell:
------------------

%%activity 


{"activity": "poll",
 "instructors": ["dblank"],
 "items": [
      {"id": "1", 
       "question":  """Which of the following will print "Hello" 5 times without errors?""", 
       "type": "multiple choice",
       "options": [
"""<pre style="width: 600px">
for (int i=0; i < 5; i++) {
    println("Hello");
}
</pre>""",
"""<pre style="width: 600px">
println("Hello");
println("Hello");
println("Hello");
println("Hello");
println("Hello");
</pre>""",
"""<pre style="width: 600px">
int i = 0;
while (i < 5) {
    println("Hello");
    i++;
}
</pre>""",
        "All of the above",
        "None of the above",
    ]},
        
    {"id": "2", 
     "question":    """Which of the following is a function definition?""", 
     "type": "multiple choice",
     "options":    [
"""<pre style="width: 600px">
void draw() {
}
</pre>""",
"""<pre style="width: 600px">
rect(10, 10, 50, 50);
</pre>""",
"""<pre style="width: 600px">
drawBunny(mouseX, mouseY, 50, 100);
</pre>""",
        "All of the above",
        "None of the above",
        ]},
      {"id": "3", 
       "question":     """Which of the following has parameters?""", 
       "type": "multiple choice",
       "options":     [
"""<pre style="width: 600px">
void draw() {
}
</pre>""",
"""<pre style="width: 600px">
void drawRect(float x, float y, float w, float h) {
    rect(x, y, w, h);
}
</pre>""",
"""<pre style="width: 600px">
void drawBunny() {
    rect(10, 20, 100, 150);
}
</pre>""",
        "All of the above",
        "None of the above",
        ]},
     {"id": "4", 
      "question":  """Which of the following is a function call?""", 
      "type": "multiple choice",
      "options": [
"""<pre style="width: 600px">
void draw() {
}
</pre>""",
"""<pre style="width: 600px">
rect(10, 10, 50, 50);
</pre>""",
"""<pre style="width: 600px">
drawBunny(mouseX, mouseY, 50, 100);
</pre>""",
        "2 and 3",
        "None of the above",
        ]},
    ]
}

------------------

[1;31m---------------------------------------------------------------------------[0m
[1;31mPermissionError[0m                           Traceback (most recent call last)
[1;32m~\AppData\Local\Temp/ipykernel_4528/2798342721.py[0m in [0;36m<module>[1;34m[0m
[1;32m----> 1[1;33m [0mget_ipython[0m[1;33m([0m[1;33m)[0m[1;33m.[0m[0mrun_cell_magic[0m[1;33m([0m[1;34m'activity'[0m[1;33m,[0m [1;34m''[0m[1;33m,[0m [1;34m'\n\n{"activity": "poll",\n "instructors": ["dblank"],\n "items": [\n      {"id": "1", \n       "question":  """Which of the following will print "Hello" 5 times without errors?""", \n       "type": "multiple choice",\n       "options": [\n"""<pre style="width: 600px">\nfor (int i=0; i < 5; i++) {\n    println("Hello");\n}\n</pre>""",\n"""<pre style="width: 600px">\nprintln("Hello");\nprintln("Hello");\nprintln("Hello");\nprintln("Hello");\nprintln("Hello");\n</pre>""",\n"""<pre style="width: 600px">\nint i = 0;\nwhile (i < 5) {\n    println("Hello");\n    i++;\n}\n</pre>""",\n        "All of the above",\n        "None of the above",\n    ]},\n        \n    {"id": "2", \n     "question":    """Which of the following is a function definition?""", \n     "type": "multiple choice",\n     "options":    [\n"""<pre style="width: 600px">\nvoid draw() {\n}\n</pre>""",\n"""<pre style="width: 600px">\nrect(10, 10, 50, 50);\n</pre>""",\n"""<pre style="width: 600px">\ndrawBunny(mouseX, mouseY, 50, 100);\n</pre>""",\n        "All of the above",\n        "None of the above",\n        ]},\n      {"id": "3", \n       "question":     """Which of the following has parameters?""", \n       "type": "multiple choice",\n       "options":     [\n"""<pre style="width: 600px">\nvoid draw() {\n}\n</pre>""",\n"""<pre style="width: 600px">\nvoid drawRect(float x, float y, float w, float h) {\n    rect(x, y, w, h);\n}\n</pre>""",\n"""<pre style="width: 600px">\nvoid drawBunny() {\n    rect(10, 20, 100, 150);\n}\n</pre>""",\n        "All of the above",\n        "None of the above",\n        ]},\n     {"id": "4", \n      "question":  """Which of the following is a function call?""", \n      "type": "multiple choice",\n      "options": [\n"""<pre style="width: 600px">\nvoid draw() {\n}\n</pre>""",\n"""<pre style="width: 600px">\nrect(10, 10, 50, 50);\n</pre>""",\n"""<pre style="width: 600px">\ndrawBunny(mouseX, mouseY, 50, 100);\n</pre>""",\n        "2 and 3",\n        "None of the above",\n        ]},\n    ]\n}\n'[0m[1;33m)[0m[1;33m[0m[1;33m[0m[0m
[0m
[1;32mc:\users\user\appdata\local\programs\python\python39\lib\site-packages\IPython\core\interactiveshell.py[0m in [0;36mrun_cell_magic[1;34m(self, magic_name, line, cell)[0m
[0;32m   2404[0m             [1;32mwith[0m [0mself[0m[1;33m.[0m[0mbuiltin_trap[0m[1;33m:[0m[1;33m[0m[1;33m[0m[0m
[0;32m   2405[0m                 [0margs[0m [1;33m=[0m [1;33m([0m[0mmagic_arg_s[0m[1;33m,[0m [0mcell[0m[1;33m)[0m[1;33m[0m[1;33m[0m[0m
[1;32m-> 2406[1;33m                 [0mresult[0m [1;33m=[0m [0mfn[0m[1;33m([0m[1;33m*[0m[0margs[0m[1;33m,[0m [1;33m**[0m[0mkwargs[0m[1;33m)[0m[1;33m[0m[1;33m[0m[0m
[0m[0;32m   2407[0m             [1;32mreturn[0m [0mresult[0m[1;33m[0m[1;33m[0m[0m
[0;32m   2408[0m [1;33m[0m[0m

[1;32mc:\users\user\appdata\local\programs\python\python39\lib\site-packages\metakernel\magics\activity_magic.py[0m in [0;36mactivity[1;34m(line, cell)[0m
[0;32m    324[0m     [1;32mdef[0m [0mactivity[0m[1;33m([0m[0mline[0m[1;33m,[0m [0mcell[0m[1;33m)[0m[1;33m:[0m[1;33m[0m[1;33m[0m[0m
[0;32m    325[0m         [0mmagic[0m[1;33m.[0m[0mcode[0m [1;33m=[0m [0mcell[0m[1;33m[0m[1;33m[0m[0m
[1;32m--> 326[1;33m         [0mmagic[0m[1;33m.[0m[0mcell_activity[0m[1;33m([0m[0mline[0m[1;33m)[0m[1;33m[0m[1;33m[0m[0m
[0m
[1;32mc:\users\user\appdata\local\programs\python\python39\lib\site-packages\metakernel\magics\activity_magic.py[0m in [0;36mcell_activity[1;34m(self, filename)[0m
[0;32m    292[0m             [0mfilename[0m [1;33m=[0m [0mos[0m[1;33m.[0m[0mpath[0m[1;33m.[0m[0mexpanduser[0m[1;33m([0m[0mfilename[0m[1;33m)[0m[1;33m[0m[1;33m[0m[0m
[0;32m    293[0m         [0mfilename[0m [1;33m=[0m [0mos[0m[1;33m.[0m[0mpath[0m[1;33m.[0m[0mabspath[0m[1;33m([0m[0mfilename[0m[1;33m)[0m[1;33m[0m[1;33m[0m[0m
[1;32m--> 294[1;33m         [1;32mwith[0m [0mopen[0m[1;33m([0m[0mfilename[0m[1;33m,[0m [1;34m"w"[0m[1;33m)[0m [1;32mas[0m [0mfp[0m[1;33m:[0m[1;33m[0m[1;33m[0m[0m
[0m[0;32m    295[0m             [0mfp[0m[1;33m.[0m[0mwrite[0m[1;33m([0m[0mself[0m[1;33m.[0m[0mcode[0m[1;33m)[0m[1;33m[0m[1;33m[0m[0m
[0;32m    296[0m         [0mactivity[0m [1;33m=[0m [0mActivity[0m[1;33m([0m[1;33m)[0m[1;33m[0m[1;33m[0m[0m

[1;31mPermissionError[0m: [Errno 13] Permission denied: 'C:\\Users\\User\\OneDrive\\Documentos\\sphinx'
PermissionError: [Errno 13] Permission denied: 'C:\\Users\\User\\OneDrive\\Documentos\\sphinx'

