Traceback (most recent call last):
  File "C:\Users\User\AppData\Local\Programs\Python\Python310\lib\site-packages\jupyter_cache\executors\utils.py", line 51, in single_nb_execution
    executenb(
  File "C:\Users\User\AppData\Local\Programs\Python\Python310\lib\site-packages\nbclient\client.py", line 1093, in execute
    return NotebookClient(nb=nb, resources=resources, km=km, **kwargs).execute()
  File "C:\Users\User\AppData\Local\Programs\Python\Python310\lib\site-packages\nbclient\util.py", line 84, in wrapped
    return just_run(coro(*args, **kwargs))
  File "C:\Users\User\AppData\Local\Programs\Python\Python310\lib\site-packages\nbclient\util.py", line 62, in just_run
    return loop.run_until_complete(coro)
  File "C:\Users\User\AppData\Local\Programs\Python\Python310\lib\asyncio\base_events.py", line 641, in run_until_complete
    return future.result()
  File "C:\Users\User\AppData\Local\Programs\Python\Python310\lib\site-packages\nbclient\client.py", line 559, in async_execute
    await self.async_execute_cell(
  File "C:\Users\User\AppData\Local\Programs\Python\Python310\lib\site-packages\nbclient\client.py", line 854, in async_execute_cell
    self._check_raise_for_error(cell, exec_reply)
  File "C:\Users\User\AppData\Local\Programs\Python\Python310\lib\site-packages\nbclient\client.py", line 756, in _check_raise_for_error
    raise CellExecutionError.from_cell_and_msg(cell, exec_reply_content)
nbclient.exceptions.CellExecutionError: An error occurred while executing the following cell:
------------------
#from google.colab import ##drive correr solo en colab
#drive.mount('/content/gdrive')
counties= pd.read_excel("https://github.com/Yesenia-AriasC/book_pruebas/blob/Venus/counties.xlsx?raw=true")#cambiar dirección


------------------

[1;31m---------------------------------------------------------------------------[0m
[1;31mImportError[0m                               Traceback (most recent call last)
[1;32m~\AppData\Local\Temp/ipykernel_16784/763586706.py[0m in [0;36m<module>[1;34m[0m
[0;32m      1[0m [1;31m#from google.colab import ##drive correr solo en colab[0m[1;33m[0m[1;33m[0m[0m
[0;32m      2[0m [1;31m#drive.mount('/content/gdrive')[0m[1;33m[0m[1;33m[0m[0m
[1;32m----> 3[1;33m [0mcounties[0m[1;33m=[0m [0mpd[0m[1;33m.[0m[0mread_excel[0m[1;33m([0m[1;34m"https://github.com/Yesenia-AriasC/book_pruebas/blob/Venus/counties.xlsx?raw=true"[0m[1;33m)[0m[1;31m#cambiar dirección[0m[1;33m[0m[1;33m[0m[0m
[0m[0;32m      4[0m [1;33m[0m[0m

[1;32m~\AppData\Local\Programs\Python\Python310\lib\site-packages\pandas\util\_decorators.py[0m in [0;36mwrapper[1;34m(*args, **kwargs)[0m
[0;32m    309[0m                     [0mstacklevel[0m[1;33m=[0m[0mstacklevel[0m[1;33m,[0m[1;33m[0m[1;33m[0m[0m
[0;32m    310[0m                 )
[1;32m--> 311[1;33m             [1;32mreturn[0m [0mfunc[0m[1;33m([0m[1;33m*[0m[0margs[0m[1;33m,[0m [1;33m**[0m[0mkwargs[0m[1;33m)[0m[1;33m[0m[1;33m[0m[0m
[0m[0;32m    312[0m [1;33m[0m[0m
[0;32m    313[0m         [1;32mreturn[0m [0mwrapper[0m[1;33m[0m[1;33m[0m[0m

[1;32m~\AppData\Local\Programs\Python\Python310\lib\site-packages\pandas\io\excel\_base.py[0m in [0;36mread_excel[1;34m(io, sheet_name, header, names, index_col, usecols, squeeze, dtype, engine, converters, true_values, false_values, skiprows, nrows, na_values, keep_default_na, na_filter, verbose, parse_dates, date_parser, thousands, comment, skipfooter, convert_float, mangle_dupe_cols, storage_options)[0m
[0;32m    362[0m     [1;32mif[0m [1;32mnot[0m [0misinstance[0m[1;33m([0m[0mio[0m[1;33m,[0m [0mExcelFile[0m[1;33m)[0m[1;33m:[0m[1;33m[0m[1;33m[0m[0m
[0;32m    363[0m         [0mshould_close[0m [1;33m=[0m [1;32mTrue[0m[1;33m[0m[1;33m[0m[0m
[1;32m--> 364[1;33m         [0mio[0m [1;33m=[0m [0mExcelFile[0m[1;33m([0m[0mio[0m[1;33m,[0m [0mstorage_options[0m[1;33m=[0m[0mstorage_options[0m[1;33m,[0m [0mengine[0m[1;33m=[0m[0mengine[0m[1;33m)[0m[1;33m[0m[1;33m[0m[0m
[0m[0;32m    365[0m     [1;32melif[0m [0mengine[0m [1;32mand[0m [0mengine[0m [1;33m!=[0m [0mio[0m[1;33m.[0m[0mengine[0m[1;33m:[0m[1;33m[0m[1;33m[0m[0m
[0;32m    366[0m         raise ValueError(

[1;32m~\AppData\Local\Programs\Python\Python310\lib\site-packages\pandas\io\excel\_base.py[0m in [0;36m__init__[1;34m(self, path_or_buffer, engine, storage_options)[0m
[0;32m   1231[0m         [0mself[0m[1;33m.[0m[0mstorage_options[0m [1;33m=[0m [0mstorage_options[0m[1;33m[0m[1;33m[0m[0m
[0;32m   1232[0m [1;33m[0m[0m
[1;32m-> 1233[1;33m         [0mself[0m[1;33m.[0m[0m_reader[0m [1;33m=[0m [0mself[0m[1;33m.[0m[0m_engines[0m[1;33m[[0m[0mengine[0m[1;33m][0m[1;33m([0m[0mself[0m[1;33m.[0m[0m_io[0m[1;33m,[0m [0mstorage_options[0m[1;33m=[0m[0mstorage_options[0m[1;33m)[0m[1;33m[0m[1;33m[0m[0m
[0m[0;32m   1234[0m [1;33m[0m[0m
[0;32m   1235[0m     [1;32mdef[0m [0m__fspath__[0m[1;33m([0m[0mself[0m[1;33m)[0m[1;33m:[0m[1;33m[0m[1;33m[0m[0m

[1;32m~\AppData\Local\Programs\Python\Python310\lib\site-packages\pandas\io\excel\_openpyxl.py[0m in [0;36m__init__[1;34m(self, filepath_or_buffer, storage_options)[0m
[0;32m    519[0m             [0mpassed[0m [0mto[0m [0mfsspec[0m [1;32mfor[0m [0mappropriate[0m [0mURLs[0m [1;33m([0m[0msee[0m[0;31m [0m[0;31m`[0m[0;31m`[0m[0m_get_filepath_or_buffer[0m[0;31m`[0m[0;31m`[0m[1;33m)[0m[1;33m[0m[1;33m[0m[0m
[0;32m    520[0m         """
[1;32m--> 521[1;33m         [0mimport_optional_dependency[0m[1;33m([0m[1;34m"openpyxl"[0m[1;33m)[0m[1;33m[0m[1;33m[0m[0m
[0m[0;32m    522[0m         [0msuper[0m[1;33m([0m[1;33m)[0m[1;33m.[0m[0m__init__[0m[1;33m([0m[0mfilepath_or_buffer[0m[1;33m,[0m [0mstorage_options[0m[1;33m=[0m[0mstorage_options[0m[1;33m)[0m[1;33m[0m[1;33m[0m[0m
[0;32m    523[0m [1;33m[0m[0m

[1;32m~\AppData\Local\Programs\Python\Python310\lib\site-packages\pandas\compat\_optional.py[0m in [0;36mimport_optional_dependency[1;34m(name, extra, errors, min_version)[0m
[0;32m    116[0m     [1;32mexcept[0m [0mImportError[0m[1;33m:[0m[1;33m[0m[1;33m[0m[0m
[0;32m    117[0m         [1;32mif[0m [0merrors[0m [1;33m==[0m [1;34m"raise"[0m[1;33m:[0m[1;33m[0m[1;33m[0m[0m
[1;32m--> 118[1;33m             [1;32mraise[0m [0mImportError[0m[1;33m([0m[0mmsg[0m[1;33m)[0m [1;32mfrom[0m [1;32mNone[0m[1;33m[0m[1;33m[0m[0m
[0m[0;32m    119[0m         [1;32melse[0m[1;33m:[0m[1;33m[0m[1;33m[0m[0m
[0;32m    120[0m             [1;32mreturn[0m [1;32mNone[0m[1;33m[0m[1;33m[0m[0m

[1;31mImportError[0m: Missing optional dependency 'openpyxl'.  Use pip or conda to install openpyxl.
ImportError: Missing optional dependency 'openpyxl'.  Use pip or conda to install openpyxl.

