Traceback (most recent call last):
  File "c:\users\user\appdata\local\programs\python\python39\lib\site-packages\jupyter_cache\executors\utils.py", line 51, in single_nb_execution
    executenb(
  File "c:\users\user\appdata\local\programs\python\python39\lib\site-packages\nbclient\client.py", line 1093, in execute
    return NotebookClient(nb=nb, resources=resources, km=km, **kwargs).execute()
  File "c:\users\user\appdata\local\programs\python\python39\lib\site-packages\nbclient\util.py", line 84, in wrapped
    return just_run(coro(*args, **kwargs))
  File "c:\users\user\appdata\local\programs\python\python39\lib\site-packages\nbclient\util.py", line 62, in just_run
    return loop.run_until_complete(coro)
  File "c:\users\user\appdata\local\programs\python\python39\lib\asyncio\base_events.py", line 642, in run_until_complete
    return future.result()
  File "c:\users\user\appdata\local\programs\python\python39\lib\site-packages\nbclient\client.py", line 559, in async_execute
    await self.async_execute_cell(
  File "c:\users\user\appdata\local\programs\python\python39\lib\site-packages\nbclient\client.py", line 854, in async_execute_cell
    self._check_raise_for_error(cell, exec_reply)
  File "c:\users\user\appdata\local\programs\python\python39\lib\site-packages\nbclient\client.py", line 756, in _check_raise_for_error
    raise CellExecutionError.from_cell_and_msg(cell, exec_reply_content)
nbclient.exceptions.CellExecutionError: An error occurred while executing the following cell:
------------------
import torch
from torch import nn

loss = nn.GaussianNLLLoss()
input = torch.randn(5, 2, requires_grad=True)
target = torch.randn(5, 2)
var = torch.ones(5, 2, requires_grad=True) #heterocedasticidad
output = loss(input, target, var)
output.backward()
------------------

[1;31m---------------------------------------------------------------------------[0m
[1;31mImportError[0m                               Traceback (most recent call last)
[1;32m~\AppData\Local\Temp/ipykernel_208548/2511368484.py[0m in [0;36m<cell line: 1>[1;34m()[0m
[1;32m----> 1[1;33m [1;32mimport[0m [0mtorch[0m[1;33m[0m[1;33m[0m[0m
[0m[0;32m      2[0m [1;32mfrom[0m [0mtorch[0m [1;32mimport[0m [0mnn[0m[1;33m[0m[1;33m[0m[0m
[0;32m      3[0m [1;33m[0m[0m
[0;32m      4[0m [0mloss[0m [1;33m=[0m [0mnn[0m[1;33m.[0m[0mGaussianNLLLoss[0m[1;33m([0m[1;33m)[0m[1;33m[0m[1;33m[0m[0m
[0;32m      5[0m [0minput[0m [1;33m=[0m [0mtorch[0m[1;33m.[0m[0mrandn[0m[1;33m([0m[1;36m5[0m[1;33m,[0m [1;36m2[0m[1;33m,[0m [0mrequires_grad[0m[1;33m=[0m[1;32mTrue[0m[1;33m)[0m[1;33m[0m[1;33m[0m[0m

[1;32mc:\users\user\appdata\local\programs\python\python39\lib\site-packages\torch\__init__.py[0m in [0;36m<module>[1;34m[0m
[0;32m    653[0m [1;31m################################################################################[0m[1;33m[0m[1;33m[0m[0m
[0;32m    654[0m [1;33m[0m[0m
[1;32m--> 655[1;33m [1;32mfrom[0m [1;33m.[0m[0m_tensor[0m [1;32mimport[0m [0mTensor[0m[1;33m[0m[1;33m[0m[0m
[0m[0;32m    656[0m [1;32mfrom[0m [1;33m.[0m[0mstorage[0m [1;32mimport[0m [0m_StorageBase[0m[1;33m,[0m [0m_TypedStorage[0m[1;33m,[0m [0m_LegacyStorage[0m[1;33m,[0m [0m_UntypedStorage[0m[1;33m[0m[1;33m[0m[0m
[0;32m    657[0m [1;33m[0m[0m

[1;32mc:\users\user\appdata\local\programs\python\python39\lib\site-packages\torch\_tensor.py[0m in [0;36m<module>[1;34m[0m
[0;32m     13[0m     [0mupdate_names[0m[1;33m,[0m [0mcheck_serializing_named_tensor[0m[1;33m,[0m [0mresolve_ellipsis[0m[1;33m,[0m[1;33m[0m[1;33m[0m[0m
[0;32m     14[0m     unzip_namedshape, single_ellipsis_index, is_ellipsis)
[1;32m---> 15[1;33m from torch.overrides import (
[0m[0;32m     16[0m     [0mhas_torch_function[0m[1;33m,[0m [0mhas_torch_function_unary[0m[1;33m,[0m [0mhas_torch_function_variadic[0m[1;33m,[0m[1;33m[0m[1;33m[0m[0m
[0;32m     17[0m     handle_torch_function, get_default_nowrap_functions)

[1;32mc:\users\user\appdata\local\programs\python\python39\lib\site-packages\torch\overrides.py[0m in [0;36m<module>[1;34m[0m
[0;32m     31[0m [1;33m[0m[0m
[0;32m     32[0m [1;32mimport[0m [0mtorch[0m[1;33m[0m[1;33m[0m[0m
[1;32m---> 33[1;33m from torch._C import (
[0m[0;32m     34[0m     [0m_has_torch_function[0m[1;33m,[0m [0m_has_torch_function_unary[0m[1;33m,[0m[1;33m[0m[1;33m[0m[0m
[0;32m     35[0m     _has_torch_function_variadic, _add_docstr, _set_torch_function_mode, _get_torch_function_mode)

[1;31mImportError[0m: cannot import name '_set_torch_function_mode' from 'torch._C' (c:\users\user\appdata\local\programs\python\python39\lib\site-packages\torch\_C.cp39-win_amd64.pyd)
ImportError: cannot import name '_set_torch_function_mode' from 'torch._C' (c:\users\user\appdata\local\programs\python\python39\lib\site-packages\torch\_C.cp39-win_amd64.pyd)

